                         Lattice Mapping Report File
Design:  top
Family:  iCE40UP
Device:  iCE40UP5K
Package: SG48
Performance Grade:  High-Performance_1.2V

Mapper:    version Radiant Software (64-bit) 2023.1.0.43.3
Mapped on: Fri Dec  1 15:08:50 2023

Design Information
------------------

Command line:   map -i final_project_impl_1_syn.udb -pdc
     Z:/es4/Space_Invaders/temp.pdc -o final_project_impl_1_map.udb -mp
     final_project_impl_1.mrp -hierrpt -gui

Design Summary
--------------

   Number of slice registers:  72 out of  5280 (1%)
   Number of I/O registers:      9 out of   117 (8%)
   Number of LUT4s:           131 out of  5280 (2%)
      Number of logic LUT4s:              54
      Number of inserted feedthru LUT4s:  15
      Number of ripple logic:             31 (62 LUT4s)
   Number of IO sites used:   22 out of 39 (56%)
      Number of IO sites used for general PIO: 22
      Number of IO sites used for I3C: 0 out of 2 (0%)
      (note: If I3C is not used, its site can be used as general PIO)
      Number of IO sites used for PIO+I3C: 22 out of 36 (61%)
      Number of IO sites used for OD+RGB IO buffers: 0 out of 3 (0%)
      (note: If RGB LED drivers are not used, sites can be used as OD outputs,
       see TN1288 iCE40 LED Driver Usage Guide)
      Number of IO sites used for PIO+I3C+OD+RGB: 22 out of 39 (56%)
   Number of DSPs:             0 out of 8 (0%)
   Number of I2Cs:             0 out of 2 (0%)
   Number of High Speed OSCs:  1 out of 1 (100%)
   Number of Low Speed OSCs:   0 out of 1 (0%)
   Number of RGB PWM:          0 out of 1 (0%)
   Number of RGB Drivers:      0 out of 1 (0%)
   Number of SCL FILTERs:      0 out of 2 (0%)
   Number of SRAMs:            0 out of 4 (0%)
   Number of WARMBOOTs:        0 out of 1 (0%)
   Number of SPIs:             0 out of 2 (0%)
   Number of EBRs:             0 out of 30 (0%)
   Number of PLLs:             0 out of 1 (0%)
   Number of Clocks:  3
      Net clk: 18 loads, 18 rising, 0 falling (Driver: Pin osc/CLKHF)
      Net nes_clk_c: 23 loads, 23 rising, 0 falling (Driver: Pin
     nes.counter_8__I_0/Z)
      Net nes.counter[20]: 16 loads, 16 rising, 0 falling (Driver: Pin
     nes.counter_20__I_0/Q)
   Number of Clock Enables:  4
      Net VCC_net: 1 loads, 0 SLICEs
      Net logic.alien_clock[5]: 6 loads, 6 SLICEs
      Net nes.counter[20]_enable_8: 8 loads, 0 SLICEs
      Net nes.temp_two_0__N_16: 8 loads, 8 SLICEs
   Number of LSRs:  2
      Net logic.alien_clock[5]: 4 loads, 4 SLICEs
      Net nes.NEScount_0__N_55: 11 loads, 11 SLICEs

                                    Page 1





Design Summary (cont)
---------------------
   Top 10 highest fanout non-clock nets:
      Net logic.alien_clock[5]: 12 loads
      Net nes.NEScount_0__N_55: 11 loads
      Net logic.n315: 10 loads
      Net led_c_0: 8 loads
      Net logic_alieny[0]: 8 loads
      Net logic_alieny[1]: 8 loads
      Net logic_alieny[2]: 8 loads
      Net logic_alieny[3]: 8 loads
      Net logic_alieny[4]: 8 loads
      Net logic_alieny[5]: 8 loads




   Number of warnings:  0
   Number of errors:    0

Design Errors/Warnings
----------------------

   No errors or warnings present.

IO (PIO) Attributes
-------------------

+---------------------+-----------+-----------+-------+-------+-----------+
| IO Name             | Direction | Levelmode |  IO   |  IO   | Special   |
|                     |           |  IO_TYPE  |  REG  |  DDR  | IO Buffer |
+---------------------+-----------+-----------+-------+-------+-----------+
| nes_data            | INPUT     |           |       |       |           |
+---------------------+-----------+-----------+-------+-------+-----------+
| led[0]              | OUTPUT    |           |       |       |           |
+---------------------+-----------+-----------+-------+-------+-----------+
| led[1]              | OUTPUT    |           | O     |       |           |
+---------------------+-----------+-----------+-------+-------+-----------+
| top_two[0]          | OUTPUT    |           |       |       |           |
+---------------------+-----------+-----------+-------+-------+-----------+
| top_two[1]          | OUTPUT    |           |       |       |           |
+---------------------+-----------+-----------+-------+-------+-----------+
| disp[0]             | OUTPUT    |           |       |       |           |
+---------------------+-----------+-----------+-------+-------+-----------+
| disp[1]             | OUTPUT    |           |       |       |           |
+---------------------+-----------+-----------+-------+-------+-----------+
| disp[2]             | OUTPUT    |           |       |       |           |
+---------------------+-----------+-----------+-------+-------+-----------+
| disp[3]             | OUTPUT    |           |       |       |           |
+---------------------+-----------+-----------+-------+-------+-----------+
| disp[4]             | OUTPUT    |           |       |       |           |
+---------------------+-----------+-----------+-------+-------+-----------+
| disp[5]             | OUTPUT    |           |       |       |           |
+---------------------+-----------+-----------+-------+-------+-----------+
| disp[6]             | OUTPUT    |           |       |       |           |
+---------------------+-----------+-----------+-------+-------+-----------+
| nes_latch           | OUTPUT    |           |       |       |           |
+---------------------+-----------+-----------+-------+-------+-----------+
| temp[0]             | OUTPUT    |           | O     |       |           |

                                    Page 2





IO (PIO) Attributes (cont)
--------------------------
+---------------------+-----------+-----------+-------+-------+-----------+
| temp[1]             | OUTPUT    |           | O     |       |           |
+---------------------+-----------+-----------+-------+-------+-----------+
| temp[2]             | OUTPUT    |           | O     |       |           |
+---------------------+-----------+-----------+-------+-------+-----------+
| temp[3]             | OUTPUT    |           | O     |       |           |
+---------------------+-----------+-----------+-------+-------+-----------+
| temp[4]             | OUTPUT    |           | O     |       |           |
+---------------------+-----------+-----------+-------+-------+-----------+
| temp[5]             | OUTPUT    |           | O     |       |           |
+---------------------+-----------+-----------+-------+-------+-----------+
| temp[6]             | OUTPUT    |           | O     |       |           |
+---------------------+-----------+-----------+-------+-------+-----------+
| temp[7]             | OUTPUT    |           | O     |       |           |
+---------------------+-----------+-----------+-------+-------+-----------+
| nes_clk             | OUTPUT    |           |       |       |           |
+---------------------+-----------+-----------+-------+-------+-----------+

Removed logic
-------------

Block i1 was optimized away.

OSC Summary
-----------

OSC 1:                                 Pin/Node Value
  OSC Instance Name:                            osc
  Power UP:                            NODE     VCC_net
  Enable Signal:                       NODE     VCC_net
  OSC Output:                          NODE     clk
  DIV Setting:                                  00

ASIC Components
---------------

Instance Name: osc
         Type: HFOSC
Instance Name: display/counter_8__I_0
         Type: IOLOGIC
Instance Name: nes/temp_0__I_0
         Type: IOLOGIC
Instance Name: nes/temp_2__I_0
         Type: IOLOGIC
Instance Name: nes/temp_7__I_0
         Type: IOLOGIC
Instance Name: nes/temp_3__I_0
         Type: IOLOGIC
Instance Name: nes/temp_6__I_0
         Type: IOLOGIC
Instance Name: nes/temp_5__I_0
         Type: IOLOGIC
Instance Name: nes/temp_4__I_0
         Type: IOLOGIC
Instance Name: nes/temp_1__I_0
         Type: IOLOGIC


                                    Page 3





Constraint Summary
------------------

   Total number of constraints: 23
   Total number of constraints dropped: 0

Run Time and Memory Usage
-------------------------

   Total CPU Time: 0 secs
   Total REAL Time: 0 secs
   Peak Memory Usage: 58 MB
















































                                    Page 4


Copyright (c) 1991-1994 by NeoCAD Inc. All rights reserved.
Copyright (c) 1995
     AT&T Corp.   All rights reserved.
Copyright (c) 1995-2001 Lucent
     Technologies Inc.  All rights reserved.
Copyright (c) 2001 Agere Systems
     All rights reserved.
Copyright (c) 2002-2023 Lattice Semiconductor
     Corporation,  All rights reserved.
